  AStar.cpp
D:\MTech\graph-visualizer-master\Path planning visualizer\src\Grid.h(2,10): fatal  error C1083: Cannot open include file: 'SFML\Graphics.hpp': No such file or directory
  BestFS.cpp
D:\MTech\graph-visualizer-master\Path planning visualizer\src\Grid.h(2,10): fatal  error C1083: Cannot open include file: 'SFML\Graphics.hpp': No such file or directory
  BFS.cpp
D:\MTech\graph-visualizer-master\Path planning visualizer\src\Grid.h(2,10): fatal  error C1083: Cannot open include file: 'SFML\Graphics.hpp': No such file or directory
  BiBFS.cpp
D:\MTech\graph-visualizer-master\Path planning visualizer\src\Grid.h(2,10): fatal  error C1083: Cannot open include file: 'SFML\Graphics.hpp': No such file or directory
  biDFS.cpp
D:\MTech\graph-visualizer-master\Path planning visualizer\src\Grid.h(2,10): fatal  error C1083: Cannot open include file: 'SFML\Graphics.hpp': No such file or directory
  DFS.cpp
D:\MTech\graph-visualizer-master\Path planning visualizer\src\Grid.h(2,10): fatal  error C1083: Cannot open include file: 'SFML\Graphics.hpp': No such file or directory
  Dijkstra.cpp
D:\MTech\graph-visualizer-master\Path planning visualizer\src\Grid.h(2,10): fatal  error C1083: Cannot open include file: 'SFML\Graphics.hpp': No such file or directory
  Grid.cpp
D:\MTech\graph-visualizer-master\Path planning visualizer\src\Grid.h(2,10): fatal  error C1083: Cannot open include file: 'SFML\Graphics.hpp': No such file or directory
  Game.cpp
D:\MTech\graph-visualizer-master\Path planning visualizer\src\Game.h(2,10): fatal  error C1083: Cannot open include file: 'SFML\Graphics.hpp': No such file or directory
  main.cpp
D:\MTech\graph-visualizer-master\Path planning visualizer\src\Game.h(2,10): fatal  error C1083: Cannot open include file: 'SFML\Graphics.hpp': No such file or directory
  Generating Code...
